This is pdfTeX, Version 3.1415926-1.40.10 (TeX Live 2009/Debian) (format=pdflatex 2012.8.20)  5 SEP 2012 11:42
entering extended mode
 %&-line parsing enabled.
**main
(./main.tex
LaTeX2e <2009/09/24>
Babel <v3.8l> and hyphenation patterns for english, usenglishmax, dumylang, noh
yphenation, loaded.
(/usr/share/texmf-texlive/tex/latex/base/book.cls
Document Class: book 2007/10/19 v1.4h Standard LaTeX document class
(/usr/share/texmf-texlive/tex/latex/base/bk12.clo
File: bk12.clo 2007/10/19 v1.4h Standard LaTeX file (size option)
)
\c@part=\count79
\c@chapter=\count80
\c@section=\count81
\c@subsection=\count82
\c@subsubsection=\count83
\c@paragraph=\count84
\c@subparagraph=\count85
\c@figure=\count86
\c@table=\count87
\abovecaptionskip=\skip41
\belowcaptionskip=\skip42
\bibindent=\dimen102
)
(/usr/share/texmf-texlive/tex/latex/eso-pic/eso-pic.sty
Package: eso-pic 2006/07/14 v1.1d eso-pic (RN)

(/usr/share/texmf-texlive/tex/latex/ms/everyshi.sty
Package: everyshi 2001/05/15 v3.00 EveryShipout Package (MS)
)
(/usr/share/texmf-texlive/tex/latex/graphics/keyval.sty
Package: keyval 1999/03/16 v1.13 key=value parser (DPC)
\KV@toks@=\toks14
))
(/usr/share/texmf-texlive/tex/latex/float/float.sty
Package: float 2001/11/08 v1.3d Float enhancements (AL)
\c@float@type=\count88
\float@exts=\toks15
\float@box=\box26
\@float@everytoks=\toks16
\@floatcapt=\box27
)
(/usr/share/texmf-texlive/tex/latex/graphics/graphicx.sty
Package: graphicx 1999/02/16 v1.0f Enhanced LaTeX Graphics (DPC,SPQR)

(/usr/share/texmf-texlive/tex/latex/graphics/graphics.sty
Package: graphics 2009/02/05 v1.0o Standard LaTeX Graphics (DPC,SPQR)

(/usr/share/texmf-texlive/tex/latex/graphics/trig.sty
Package: trig 1999/03/16 v1.09 sin cos tan (DPC)
)
(/etc/texmf/tex/latex/config/graphics.cfg
File: graphics.cfg 2009/08/28 v1.8 graphics configuration of TeX Live
)
Package graphics Info: Driver file: pdftex.def on input line 91.

(/usr/share/texmf-texlive/tex/latex/pdftex-def/pdftex.def
File: pdftex.def 2009/08/25 v0.04m Graphics/color for pdfTeX
\Gread@gobject=\count89
))
\Gin@req@height=\dimen103
\Gin@req@width=\dimen104
)
(/usr/share/texmf-texlive/tex/latex/setspace/setspace.sty
Package: setspace 2000/12/01 6.7 Contributed and Supported LaTeX2e package

Package: `setspace' 6.7 <2000/12/01>
) (/usr/share/texmf-texlive/tex/generic/babel/babel.sty
Package: babel 2008/07/06 v3.8l The Babel package

(/usr/share/texmf-texlive/tex/generic/babel/english.ldf
Language: english 2005/03/30 v3.3o English support from the babel system

(/usr/share/texmf-texlive/tex/generic/babel/babel.def
File: babel.def 2008/07/06 v3.8l Babel common definitions
\babel@savecnt=\count90
\U@D=\dimen105
)
\l@british = a dialect from \language\l@english 
\l@UKenglish = a dialect from \language\l@english 
\l@canadian = a dialect from \language\l@american 
\l@australian = a dialect from \language\l@british 
\l@newzealand = a dialect from \language\l@british 
))
(/usr/share/texmf-texlive/tex/latex/listings/listings.sty
\lst@mode=\count91
\lst@gtempboxa=\box28
\lst@token=\toks17
\lst@length=\count92
\lst@currlwidth=\dimen106
\lst@column=\count93
\lst@pos=\count94
\lst@lostspace=\dimen107
\lst@width=\dimen108
\lst@newlines=\count95
\lst@lineno=\count96
\lst@maxwidth=\dimen109

(/usr/share/texmf-texlive/tex/latex/listings/lstmisc.sty
File: lstmisc.sty 2007/02/22 1.4 (Carsten Heinz)
\c@lstnumber=\count97
\lst@skipnumbers=\count98
\lst@framebox=\box29
)
(/usr/share/texmf-texlive/tex/latex/listings/listings.cfg
File: listings.cfg 2007/02/22 1.4 listings configuration
))
Package: listings 2007/02/22 1.4 (Carsten Heinz)

(/usr/share/texmf-texlive/tex/latex/tools/varioref.sty
Package: varioref 2009/09/13 v1.4w package for extended references (FMi)
\c@vrcnt=\count99
)
(/usr/share/texmf-texlive/tex/latex/subfigure/subfigure.sty
Package: subfigure 2002/03/15 v2.1.5 subfigure package
\subfigtopskip=\skip43
\subfigcapskip=\skip44
\subfigcaptopadj=\dimen110
\subfigbottomskip=\skip45
\subfigcapmargin=\dimen111
\subfiglabelskip=\skip46
\c@subfigure=\count100
\c@lofdepth=\count101
\c@subtable=\count102
\c@lotdepth=\count103

****************************************
* Local config file subfigure.cfg used *
****************************************
(/usr/share/texmf-texlive/tex/latex/subfigure/subfigure.cfg)
\subfig@top=\skip47
\subfig@bottom=\skip48
)
(/usr/share/texmf-texlive/tex/latex/tools/verbatim.sty
Package: verbatim 2003/08/22 v1.5q LaTeX2e package for verbatim enhancements
\every@verbatim=\toks18
\verbatim@line=\toks19
\verbatim@in@stream=\read1
)
(/usr/share/texmf-texlive/tex/latex/amsmath/amsmath.sty
Package: amsmath 2000/07/18 v2.13 AMS math features
\@mathmargin=\skip49

For additional information on amsmath, use the `?' option.
(/usr/share/texmf-texlive/tex/latex/amsmath/amstext.sty
Package: amstext 2000/06/29 v2.01

(/usr/share/texmf-texlive/tex/latex/amsmath/amsgen.sty
File: amsgen.sty 1999/11/30 v2.0
\@emptytoks=\toks20
\ex@=\dimen112
))
(/usr/share/texmf-texlive/tex/latex/amsmath/amsbsy.sty
Package: amsbsy 1999/11/29 v1.2d
\pmbraise@=\dimen113
)
(/usr/share/texmf-texlive/tex/latex/amsmath/amsopn.sty
Package: amsopn 1999/12/14 v2.01 operator names
)
\inf@bad=\count104
LaTeX Info: Redefining \frac on input line 211.
\uproot@=\count105
\leftroot@=\count106
LaTeX Info: Redefining \overline on input line 307.
\classnum@=\count107
\DOTSCASE@=\count108
LaTeX Info: Redefining \ldots on input line 379.
LaTeX Info: Redefining \dots on input line 382.
LaTeX Info: Redefining \cdots on input line 467.
\Mathstrutbox@=\box30
\strutbox@=\box31
\big@size=\dimen114
LaTeX Font Info:    Redeclaring font encoding OML on input line 567.
LaTeX Font Info:    Redeclaring font encoding OMS on input line 568.
\macc@depth=\count109
\c@MaxMatrixCols=\count110
\dotsspace@=\muskip10
\c@parentequation=\count111
\dspbrk@lvl=\count112
\tag@help=\toks21
\row@=\count113
\column@=\count114
\maxfields@=\count115
\andhelp@=\toks22
\eqnshift@=\dimen115
\alignsep@=\dimen116
\tagshift@=\dimen117
\tagwidth@=\dimen118
\totwidth@=\dimen119
\lineht@=\dimen120
\@envbody=\toks23
\multlinegap=\skip50
\multlinetaggap=\skip51
\mathdisplay@stack=\toks24
LaTeX Info: Redefining \[ on input line 2666.
LaTeX Info: Redefining \] on input line 2667.
)
(/usr/share/texmf-texlive/tex/latex/hyperref/hyperref.sty
Package: hyperref 2009/10/09 v6.79a Hypertext links for LaTeX

(/usr/share/texmf-texlive/tex/generic/oberdiek/ifpdf.sty
Package: ifpdf 2009/04/10 v2.0 Provides the ifpdf switch (HO)
Package ifpdf Info: pdfTeX in pdf mode detected.
)
(/usr/share/texmf-texlive/tex/generic/oberdiek/ifvtex.sty
Package: ifvtex 2008/11/04 v1.4 Switches for detecting VTeX and its modes (HO)
Package ifvtex Info: VTeX not detected.
)
(/usr/share/texmf-texlive/tex/generic/ifxetex/ifxetex.sty
Package: ifxetex 2009/01/23 v0.5 Provides ifxetex conditional
)
(/usr/share/texmf-texlive/tex/latex/oberdiek/hycolor.sty
Package: hycolor 2009/10/02 v1.5 Code for color options of hyperref/bookmark (H
O)

(/usr/share/texmf-texlive/tex/latex/oberdiek/xcolor-patch.sty
Package: xcolor-patch 2009/10/02 xcolor patch
))
\@linkdim=\dimen121
\Hy@linkcounter=\count116
\Hy@pagecounter=\count117

(/usr/share/texmf-texlive/tex/latex/hyperref/pd1enc.def
File: pd1enc.def 2009/10/09 v6.79a Hyperref: PDFDocEncoding definition (HO)
)
(/usr/share/texmf-texlive/tex/generic/oberdiek/etexcmds.sty
Package: etexcmds 2007/12/12 v1.2 Prefix for e-TeX command names (HO)

(/usr/share/texmf-texlive/tex/generic/oberdiek/infwarerr.sty
Package: infwarerr 2007/09/09 v1.2 Providing info/warning/message (HO)
)
Package etexcmds Info: Could not find \expanded.
(etexcmds)             That can mean that you are not using pdfTeX 1.50 or
(etexcmds)             that some package has redefined \expanded.
(etexcmds)             In the latter case, load this package earlier.
)
(/usr/share/texmf-texlive/tex/latex/latexconfig/hyperref.cfg
File: hyperref.cfg 2002/06/06 v1.2 hyperref configuration of TeXLive
)
(/usr/share/texmf-texlive/tex/latex/oberdiek/kvoptions.sty
Package: kvoptions 2009/08/13 v3.4 Keyval support for LaTeX options (HO)

(/usr/share/texmf-texlive/tex/generic/oberdiek/kvsetkeys.sty
Package: kvsetkeys 2009/07/30 v1.5 Key value parser with default handler suppor
t (HO)
))
Package hyperref Info: Option `final' set `true' on input line 2864.
Package hyperref Info: Option `bookmarks' set `true' on input line 2864.
Package hyperref Info: Option `hypertexnames' set `true' on input line 2864.
Package hyperref Info: Hyper figures OFF on input line 2975.
Package hyperref Info: Link nesting OFF on input line 2980.
Package hyperref Info: Hyper index ON on input line 2983.
Package hyperref Info: Plain pages OFF on input line 2990.
Package hyperref Info: Backreferencing OFF on input line 2995.

Implicit mode ON; LaTeX internals redefined
Package hyperref Info: Bookmarks ON on input line 3191.
(/usr/share/texmf-texlive/tex/latex/ltxmisc/url.sty
\Urlmuskip=\muskip11
Package: url 2006/04/12  ver 3.3  Verb mode for urls, etc.
)
LaTeX Info: Redefining \url on input line 3428.

(/usr/share/texmf-texlive/tex/generic/oberdiek/bitset.sty
Package: bitset 2007/09/28 v1.0 Data type bit set (HO)

(/usr/share/texmf-texlive/tex/generic/oberdiek/intcalc.sty
Package: intcalc 2007/09/27 v1.1 Expandable integer calculations (HO)
)
(/usr/share/texmf-texlive/tex/generic/oberdiek/bigintcalc.sty
Package: bigintcalc 2007/11/11 v1.1 Expandable big integer calculations (HO)

(/usr/share/texmf-texlive/tex/generic/oberdiek/pdftexcmds.sty
Package: pdftexcmds 2009/09/23 v0.6 LuaTeX support for pdfTeX utility functions
 (HO)

(/usr/share/texmf-texlive/tex/generic/oberdiek/ifluatex.sty
Package: ifluatex 2009/04/17 v1.2 Provides the ifluatex switch (HO)
Package ifluatex Info: LuaTeX not detected.
)
(/usr/share/texmf-texlive/tex/generic/oberdiek/ltxcmds.sty
Package: ltxcmds 2009/08/05 v1.0 Some LaTeX kernel commands for general use (HO
)
)
Package pdftexcmds Info: LuaTeX not detected.
Package pdftexcmds Info: \pdf@primitive is available.
Package pdftexcmds Info: \pdf@ifprimitive is available.
)))
\Fld@menulength=\count118
\Field@Width=\dimen122
\Fld@charsize=\dimen123
\Field@toks=\toks25
Package hyperref Info: Hyper figures OFF on input line 4377.
Package hyperref Info: Link nesting OFF on input line 4382.
Package hyperref Info: Hyper index ON on input line 4385.
Package hyperref Info: backreferencing OFF on input line 4392.
Package hyperref Info: Link coloring OFF on input line 4397.
Package hyperref Info: Link coloring with OCG OFF on input line 4402.
Package hyperref Info: PDF/A mode OFF on input line 4407.

(/usr/share/texmf-texlive/tex/generic/oberdiek/atbegshi.sty
Package: atbegshi 2008/07/31 v1.9 At begin shipout hook (HO)
)
\Hy@abspage=\count119
\c@Item=\count120
\c@Hfootnote=\count121
)
*hyperref using driver hpdftex*
(/usr/share/texmf-texlive/tex/latex/hyperref/hpdftex.def
File: hpdftex.def 2009/10/09 v6.79a Hyperref driver for pdfTeX
\Fld@listcount=\count122
)
(/usr/share/texmf-texlive/tex/latex/fancyhdr/fancyhdr.sty
\fancy@headwidth=\skip52
\f@ncyO@elh=\skip53
\f@ncyO@erh=\skip54
\f@ncyO@olh=\skip55
\f@ncyO@orh=\skip56
\f@ncyO@elf=\skip57
\f@ncyO@erf=\skip58
\f@ncyO@olf=\skip59
\f@ncyO@orf=\skip60
)
(/usr/share/texmf-texlive/tex/latex/psnfss/courier.sty
Package: courier 2005/04/12 PSNFSS-v9.2a (WaS) 
)
(/usr/share/texmf-texlive/tex/latex/graphics/color.sty
Package: color 2005/11/14 v1.0j Standard LaTeX Color (DPC)

(/etc/texmf/tex/latex/config/color.cfg
File: color.cfg 2007/01/18 v1.5 color configuration of teTeX/TeXLive
)
Package color Info: Driver file: pdftex.def on input line 130.
)
(/usr/share/texmf/tex/latex/xcolor/xcolor.sty
Package: xcolor 2007/01/21 v2.11 LaTeX color extensions (UK)

(/etc/texmf/tex/latex/config/color.cfg
File: color.cfg 2007/01/18 v1.5 color configuration of teTeX/TeXLive
)
Package xcolor Info: Driver file: pdftex.def on input line 225.
LaTeX Info: Redefining \color on input line 702.
Package xcolor Info: Model `cmy' substituted by `cmy0' on input line 1337.
Package xcolor Info: Model `hsb' substituted by `rgb' on input line 1341.
Package xcolor Info: Model `RGB' extended on input line 1353.
Package xcolor Info: Model `HTML' substituted by `rgb' on input line 1355.
Package xcolor Info: Model `Hsb' substituted by `hsb' on input line 1356.
Package xcolor Info: Model `tHsb' substituted by `hsb' on input line 1357.
Package xcolor Info: Model `HSB' substituted by `hsb' on input line 1358.
Package xcolor Info: Model `Gray' substituted by `gray' on input line 1359.
Package xcolor Info: Model `wave' substituted by `hsb' on input line 1360.
)
(/usr/share/texmf-texlive/tex/latex/listings/lstlang1.sty
File: lstlang1.sty 2004/09/05 1.3 listings language file
)
(/usr/share/texmf-texlive/tex/latex/listings/lstmisc.sty
File: lstmisc.sty 2007/02/22 1.4 (Carsten Heinz)
)
(/usr/share/texmf-texlive/tex/latex/caption/caption.sty
Package: caption 2009/10/09 v3.1k Customizing captions (AR)

(/usr/share/texmf-texlive/tex/latex/caption/caption3.sty
Package: caption3 2009/10/09 v3.1k caption3 kernel (AR)
\captionmargin=\dimen124
\captionmargin@=\dimen125
\captionwidth=\dimen126
\caption@indent=\dimen127
\caption@parindent=\dimen128
\caption@hangindent=\dimen129
)
\c@ContinuedFloat=\count123
Package caption Info: float package is loaded.
Package caption Info: hyperref package is loaded.
Package caption Info: listings package is loaded.
Package caption Info: subfigure package is loaded.
) (./main.aux)
\openout1 = `main.aux'.

LaTeX Font Info:    Checking defaults for OML/cmm/m/it on input line 99.
LaTeX Font Info:    ... okay on input line 99.
LaTeX Font Info:    Checking defaults for T1/cmr/m/n on input line 99.
LaTeX Font Info:    ... okay on input line 99.
LaTeX Font Info:    Checking defaults for OT1/cmr/m/n on input line 99.
LaTeX Font Info:    ... okay on input line 99.
LaTeX Font Info:    Checking defaults for OMS/cmsy/m/n on input line 99.
LaTeX Font Info:    ... okay on input line 99.
LaTeX Font Info:    Checking defaults for OMX/cmex/m/n on input line 99.
LaTeX Font Info:    ... okay on input line 99.
LaTeX Font Info:    Checking defaults for U/cmr/m/n on input line 99.
LaTeX Font Info:    ... okay on input line 99.
LaTeX Font Info:    Checking defaults for PD1/pdf/m/n on input line 99.
LaTeX Font Info:    ... okay on input line 99.

ABD: EveryShipout initializing macros
(/usr/share/texmf-texlive/tex/context/base/supp-pdf.mkii
[Loading MPS to PDF converter (version 2006.09.02).]
\scratchcounter=\count124
\scratchdimen=\dimen130
\scratchbox=\box32
\nofMPsegments=\count125
\nofMParguments=\count126
\everyMPshowfont=\toks26
\MPscratchCnt=\count127
\MPscratchDim=\dimen131
\MPnumerator=\count128
\everyMPtoPDFconversion=\toks27
)
\c@lstlisting=\count129
Package hyperref Info: Link coloring OFF on input line 99.
 (/usr/share/texmf-texlive/tex/latex/hyperref/nameref.sty
Package: nameref 2007/05/29 v2.31 Cross-referencing by name of section

(/usr/share/texmf-texlive/tex/latex/oberdiek/refcount.sty
Package: refcount 2008/08/11 v3.1 Data extraction from references (HO)
)
\c@section@level=\count130
LaTeX Info: Redefining \Ref on input line 396.
)
LaTeX Info: Redefining \ref on input line 99.
LaTeX Info: Redefining \pageref on input line 99.
 (./main.out)
(./main.out)
\@outlinefile=\write3
\openout3 = `main.out'.

\AtBeginShipoutBox=\box33
LaTeX Info: Redefining \Ref on input line 99.
Package caption Info: Begin \AtBeginDocument code.
Package caption Info: End \AtBeginDocument code.
 (./title.tex <images/logo.png, id=215, 952.55875pt x 176.66pt>
File: images/logo.png Graphic file (type png)

<use images/logo.png> [1



{/var/lib/texmf/fonts/map/pdftex/updmap/pdftex.map} <./images/logo.png (PNG cop
y)>])pdfTeX warning (ext4): destination with the same identifier (name{page.i})
 has been already used, duplicate ignored
<to be read again> 
                   \relax 
l.153 \tableofcontents
                       [1

] (./main.toc [2

])
\tf@toc=\write4
\openout4 = `main.toc'.

 [3] (./main.lof
LaTeX Font Info:    Try loading font information for OT1+pcr on input line 18.

(/usr/share/texmf-texlive/tex/latex/psnfss/ot1pcr.fd
File: ot1pcr.fd 2001/06/04 font definitions for OT1/pcr.
))
\tf@lof=\write5
\openout5 = `main.lof'.

 (./introduction.tex
[4

]
Overfull \hbox (1.97186pt too wide) in paragraph at lines 36--58
[]\OT1/cmr/m/n/12 Examples of soft real-time ap-pli-ca-tions are multi-media ap
-pli-ca-tions. Mul-
 []

[5

] [6] [7]
LaTeX Font Info:    Try loading font information for OMS+cmr on input line 143.

 (/usr/share/texmf-texlive/tex/latex/base/omscmr.fd
File: omscmr.fd 1999/05/25 v2.5h Standard LaTeX font definitions
)
LaTeX Font Info:    Font shape `OMS/cmr/m/n' in size <12> not available
(Font)              Font shape `OMS/cmsy/m/n' tried instead on input line 143.
 [8] [9]
[10]) [11] (./background.tex
Chapter 1.
[1


] [2]
Overfull \hbox (43.8752pt too wide) in paragraph at lines 159--168
[]\OT1/cmr/m/n/12 There are three schedul-ing classes in main-line Linux: rt[]s
ched[]class, cfs[]sched[]class
 []

LaTeX Font Info:    Font shape `OT1/pcr/bx/n' in size <10> not available
(Font)              Font shape `OT1/pcr/b/n' tried instead on input line 174.

Overfull \hbox (6.0pt too wide) in paragraph at lines 174--174
[][][][][][][] 
 []

[3] [4] <images/sched_classes.png, id=436, 589.20125pt x 84.315pt>
File: images/sched_classes.png Graphic file (type png)

<use images/sched_classes.png>
Overfull \hbox (1.70627pt too wide) in paragraph at lines 227--237
\OT1/cmr/m/n/12 fined by \OT1/pcr/m/n/12 struct sched[]entity \OT1/cmr/m/n/12 a
nd \OT1/pcr/m/n/12 struct sched[]rt[]entity\OT1/cmr/m/n/12 . When
 []


Overfull \hbox (6.0pt too wide) in paragraph at lines 237--237
[][][][][][][] 
 []

[5 <./images/sched_classes.png (PNG copy)>]
Overfull \hbox (6.0pt too wide) in paragraph at lines 259--259
[][][][][][][] 
 []

LaTeX Font Info:    Font shape `OT1/pcr/m/it' in size <10> not available
(Font)              Font shape `OT1/pcr/m/sl' tried instead on input line 263.

Overfull \hbox (1.82736pt too wide) in paragraph at lines 278--288
\OT1/cmr/m/n/12 Every hook in \OT1/pcr/m/n/12 struct sched[]class \OT1/cmr/m/n/
12 deals with the data struc-ture \OT1/pcr/m/n/12 struct
 []


Overfull \hbox (6.0pt too wide) in paragraph at lines 288--288
[][][][][][][] 
 []

[6]
Overfull \hbox (6.0pt too wide) in paragraph at lines 329--329
[][][][][][][] 
 []

[7]
Overfull \hbox (7.04543pt too wide) in paragraph at lines 351--358
\OT1/cmr/m/n/12 The Com-pletely Fair Sched-uler (CFS) is im-ple-mented in \OT1/
pcr/m/n/12 fair[]sched[]class\OT1/cmr/m/n/12 .
 []


Overfull \hbox (6.0pt too wide) in paragraph at lines 371--371
[][][][][][][] 
 []

[8]
Overfull \hbox (6.0pt too wide) in paragraph at lines 397--397
[][][][][][][] 
 []


Overfull \hbox (5.00967pt too wide) in paragraph at lines 413--416
\OT1/cmr/m/n/12 nents (\OT1/pcr/m/n/12 sched[]entity\OT1/cmr/m/n/12 , \OT1/pcr/
m/n/12 task[]struct\OT1/cmr/m/n/12 , \OT1/pcr/m/n/12 task[]group \OT1/cmr/m/n/1
2 and \OT1/pcr/m/n/12 struct cfs[]rq\OT1/cmr/m/n/12 )
 []

[9] <images/cfs_scheduling_scheme_tg.png, id=544, 948.54375pt x 120.45pt>
File: images/cfs_scheduling_scheme_tg.png Graphic file (type png)

<use images/cfs_scheduling_scheme_tg.png>
<images/scheduling_scheme_no_tg.png, id=545, 447.6725pt x 140.525pt>
File: images/scheduling_scheme_no_tg.png Graphic file (type png)

<use images/scheduling_scheme_no_tg.png> [10 <./images/cfs_scheduling_scheme_tg
.png (PNG copy)> <./images/scheduling_scheme_no_tg.png (PNG copy)>]
Overfull \hbox (6.0pt too wide) in paragraph at lines 479--479
[][][][][][][] 
 []

[11]
Overfull \hbox (6.0pt too wide) in paragraph at lines 502--502
[][][][][][][] 
 []

<images/rt_scheduling_scheme_tg.png, id=575, 950.55125pt x 148.555pt>
File: images/rt_scheduling_scheme_tg.png Graphic file (type png)

<use images/rt_scheduling_scheme_tg.png>
Overfull \hbox (4.5513pt too wide) in paragraph at lines 527--543
\OT1/cmr/m/n/12 Enabling \OT1/pcr/m/n/12 CONFIG[]RT[]GROUP[]SCHED \OT1/cmr/m/n/
12 lets users ex-plic-itly al-lo-cate CPU bandi-
 []

[12 <./images/rt_scheduling_scheme_tg.png (PNG copy)>] [13]
Overfull \hbox (2.55936pt too wide) in paragraph at lines 578--584
\OT1/cmr/m/n/12 cur-rent main-line Linux with a deadline-based schedul-ing meth
od. In schedule-
 []

) (./design.tex [14]
Chapter 2.
<images/oxc.png, id=601, 196.735pt x 95.35625pt>
File: images/oxc.png Graphic file (type png)
 <use images/oxc.png> [15

]
[16 <./images/oxc.png (PNG copy)>]
<images/cfs_scheduling_scheme_tg_oxc.png, id=615, 1041.8925pt x 152.57pt>
File: images/cfs_scheduling_scheme_tg_oxc.png Graphic file (type png)

<use images/cfs_scheduling_scheme_tg_oxc.png>
<images/rt_scheduling_scheme_tg_oxc.png, id=616, 1044.90375pt x 150.5625pt>
File: images/rt_scheduling_scheme_tg_oxc.png Graphic file (type png)

<use images/rt_scheduling_scheme_tg_oxc.png>
Overfull \hbox (7.82657pt too wide) in paragraph at lines 73--78
 [] 
 []


Overfull \hbox (7.83765pt too wide) in paragraph at lines 73--78
 [][] 
 []

<images/oxc_task_no_tg.png, id=619, 917.4275pt x 396.48125pt>
File: images/oxc_task_no_tg.png Graphic file (type png)

<use images/oxc_task_no_tg.png> [17 <./images/cfs_scheduling_scheme_tg_oxc.png 
(PNG copy)> <./images/rt_scheduling_scheme_tg_oxc.png (PNG copy)>]
Overfull \hbox (9.4075pt too wide) in paragraph at lines 116--121
[]\OT1/cmr/m/n/12 Based on per CPU schedul-ing, each schedul-ing op-er-a-tion d
e-fined in \OT1/pcr/m/n/12 struct
 []


Overfull \hbox (4.36774pt too wide) in paragraph at lines 122--122
[]\OT1/cmr/bx/n/17.28 Movtivation for oxc schedul-ing frame-work 
 []

[18 <./images/oxc_task_no_tg.png (PNG copy)>]) (./impl.tex [19]
Chapter 3.

Overfull \hbox (6.0pt too wide) in paragraph at lines 22--22
[][][][][][][] 
 []

[20

]
Overfull \hbox (44.18939pt too wide) in paragraph at lines 50--55
\OT1/pcr/m/n/12 oxc[]runtime\OT1/cmr/m/n/12 , then \OT1/pcr/m/n/12 oxc[]throttl
ed \OT1/cmr/m/n/12 should be set un-til \OT1/pcr/m/n/12 oxc[]period[]timer
 []

[21]
Overfull \hbox (6.0pt too wide) in paragraph at lines 72--72
[][][][][][][] 
 []


Overfull \hbox (6.0pt too wide) in paragraph at lines 85--85
[][][][][][][] 
 []

[22]
Overfull \hbox (6.0pt too wide) in paragraph at lines 103--103
[][][][][][][] 
 []


Overfull \hbox (6.0pt too wide) in paragraph at lines 124--124
[][][][][][][] 
 []

[23]
Overfull \hbox (6.0pt too wide) in paragraph at lines 155--155
[][][][][][][] 
 []

[24]
Overfull \hbox (6.0pt too wide) in paragraph at lines 174--174
[][][][][][][] 
 []

<images/tg_creation.png, id=707, 810.02625pt x 314.17375pt>
File: images/tg_creation.png Graphic file (type png)

<use images/tg_creation.png>
Overfull \hbox (79.30437pt too wide) in paragraph at lines 187--206
\OT1/cmr/m/n/12 of the schedul-ing route when \OT1/pcr/m/n/12 CONFIG[]FAIR[]GRO
UP[]SCHED \OT1/cmr/m/n/12 and \OT1/pcr/m/n/12 CONFIG[]RT[]GROUP[]SCHED
 []

[25 <./images/tg_creation.png (PNG copy)>]
Overfull \hbox (7.43945pt too wide) in paragraph at lines 207--207
[]\OT1/cmr/bx/n/14.4 To build the schedul-ing route in oxc en-abled Linux 
 []


LaTeX Warning: Reference `fig:scheduling_route_oc' on page 26 undefined on inpu
t line 210.


Overfull \hbox (6.0pt too wide) in paragraph at lines 220--220
[][][][][][][] 
 []

[26] <images/tg_creation_oxc.png, id=753, 292.09125pt x 269.005pt>
File: images/tg_creation_oxc.png Graphic file (type png)

<use images/tg_creation_oxc.png>
Overfull \hbox (6.0pt too wide) in paragraph at lines 289--289
[][][][][][][] 
 []

[27] [28 <./images/tg_creation_oxc.png (PNG copy)>]
Overfull \hbox (97.01396pt too wide) in paragraph at lines 327--332
[]\OT1/cmr/m/n/12 A task group can di-rect to a oxc lo-cal run-queue ex-plic-it
ly through \OT1/pcr/m/n/12 init[]tg[]cfs[]entry[]oxc
 []


Overfull \hbox (6.0pt too wide) in paragraph at lines 332--332
[][][][][][][] 
 []

[29]
Overfull \hbox (53.24606pt too wide) in paragraph at lines 363--376
\OT1/cmr/m/n/12 As for codes, first \OT1/pcr/m/n/12 rq[]of[]oxc[]rq \OT1/cmr/m/
n/12 re-turns the oxc lo-cal run-queue. \OT1/pcr/m/n/12 init[]tg[]cfs[]entry
 []

[30] [31]
Overfull \hbox (6.0pt too wide) in paragraph at lines 446--446
[][][][][][][] 
 []

[32]
Overfull \hbox (6.0pt too wide) in paragraph at lines 473--473
[][][][][][][] 
 []

[33]
Overfull \hbox (6.0pt too wide) in paragraph at lines 504--504
[][][][][][][] 
 []


Overfull \hbox (6.0pt too wide) in paragraph at lines 515--515
[][][][][][][] 
 []

[34]
Overfull \hbox (6.0pt too wide) in paragraph at lines 559--559
[][][][][][][] 
 []

[35]
Overfull \hbox (6.0pt too wide) in paragraph at lines 584--584
[][][][][][][] 
 []

[36]
Overfull \hbox (6.0pt too wide) in paragraph at lines 624--624
[][][][][][][] 
 []

[37]
Overfull \hbox (6.0pt too wide) in paragraph at lines 686--686
[][][][][][][] 
 []

[38]
Overfull \hbox (6.0pt too wide) in paragraph at lines 730--730
[][][][][][][] 
 []

[39]
Overfull \hbox (6.0pt too wide) in paragraph at lines 765--765
[][][][][][][] 
 []

[40] [41]
Overfull \hbox (6.0pt too wide) in paragraph at lines 819--819
[][][][][][][] 
 []


Overfull \hbox (6.0pt too wide) in paragraph at lines 848--848
[][][][][][][] 
 []

[42]
Overfull \hbox (6.0pt too wide) in paragraph at lines 884--884
[][][][][][][] 
 []

[43]
Overfull \hbox (57.88934pt too wide) in paragraph at lines 922--926
\OT1/cmr/m/n/12 Observe the files in-side \OT1/pcr/m/n/12 /cgroup/cg \OT1/cmr/m
/n/12 di-rec-tory, there is one new file \OT1/pcr/m/n/12 cpu.oxc[]control
 []

[44] [45]
Overfull \hbox (8.96947pt too wide) in paragraph at lines 1014--1026
\OT1/cmr/m/n/12 After this, a new hy-per con-tainer with reser-va-tion pa-ram-e
-ters 1000000/1500000
 []

[46]
Overfull \hbox (67.75032pt too wide) in paragraph at lines 1028--1044
\OT1/cmr/m/n/12 The sim-pli-est case is when \OT1/pcr/m/n/12 CONFIG[]FAIR[]GROU
P[]SCHED \OT1/cmr/m/n/12 and \OT1/pcr/m/n/12 CONFIG[]RT[]GROUP[]SCHED
 []


Overfull \hbox (26.36699pt too wide) in paragraph at lines 1045--1053
[]\OT1/cmr/m/n/12 When fair-ness task group shcedul-ing is en-abled, \OT1/pcr/m
/n/12 CONFIG[]FAIR[]GROUP[]SCHED
 []

[47] [48]) (./exp.tex [49]
Chapter 4.
[50

]
Overfull \hbox (3.02696pt too wide) in paragraph at lines 41--52
 [][] 
 []

[51] [52] [53]
Overfull \hbox (35.10973pt too wide) in paragraph at lines 195--206
 [][] 
 []

[54] <images/pick_next_task_oxc.png, id=1246, 642.4pt x 481.8pt>
File: images/pick_next_task_oxc.png Graphic file (type png)

<use images/pick_next_task_oxc.png>
<images/put_prev_task_oxc.png, id=1248, 642.4pt x 481.8pt>
File: images/put_prev_task_oxc.png Graphic file (type png)

<use images/put_prev_task_oxc.png> [55]
<images/task_tick_oxc.png, id=1255, 642.4pt x 481.8pt>
File: images/task_tick_oxc.png Graphic file (type png)

<use images/task_tick_oxc.png> [56 <./images/pick_next_task_oxc.png> <./images/
put_prev_task_oxc.png>] [57 <./images/task_tick_oxc.png>]
Overfull \hbox (6.0pt too wide) in paragraph at lines 283--283
[][][][][][][] 
 []

[58]
Overfull \hbox (8.356pt too wide) in paragraph at lines 357--366
 [][] 
 []

[59] <images/expB1.png, id=1305, 642.4pt x 481.8pt>
File: images/expB1.png Graphic file (type png)
 <use images/expB1.png>
[60] <images/expB2.png, id=1313, 642.4pt x 481.8pt>
File: images/expB2.png Graphic file (type png)
 <use images/expB2.png>
<images/expB3.png, id=1314, 642.4pt x 481.8pt>
File: images/expB3.png Graphic file (type png)
 <use images/expB3.png> [61 <./images/expB1.png>] [62 <./images/expB2.png> <./i
mages/expB3.png>])
(./conclusion.tex [63]
Chapter 5.
) (./main.bbl [64

] [65

]
Missing character: There is no Â in font cmti12!
Missing character: There is no ® in font cmti12!

Underfull \hbox (badness 2310) in paragraph at lines 70--71
[]\OT1/cmr/m/n/12 ``Red-black trees (rb-tree) in linux.'' Doc-u-men-ta-tion/sch
ed-uler/rb-
 []

) [66] (./main.aux)

LaTeX Warning: There were undefined references.

 ) 
Here is how much of TeX's memory you used:
 9606 strings out of 495061
 139775 string characters out of 1182621
 330002 words of memory out of 3000000
 11851 multiletter control sequences out of 15000+50000
 13750 words of font info for 49 fonts, out of 3000000 for 9000
 28 hyphenation exceptions out of 8191
 38i,10n,43p,267b,1807s stack positions out of 5000i,500n,10000p,200000b,50000s
{/usr/share/texmf-texlive/fonts/enc/dvips/base/8r.enc}</usr/share/texmf-texli
ve/fonts/type1/public/amsfonts/cm/cmbx10.pfb></usr/share/texmf-texlive/fonts/ty
pe1/public/amsfonts/cm/cmbx12.pfb></usr/share/texmf-texlive/fonts/type1/public/
amsfonts/cm/cmcsc10.pfb></usr/share/texmf-texlive/fonts/type1/public/amsfonts/c
m/cmmi12.pfb></usr/share/texmf-texlive/fonts/type1/public/amsfonts/cm/cmmi8.pfb
></usr/share/texmf-texlive/fonts/type1/public/amsfonts/cm/cmr10.pfb></usr/share
/texmf-texlive/fonts/type1/public/amsfonts/cm/cmr12.pfb></usr/share/texmf-texli
ve/fonts/type1/public/amsfonts/cm/cmr6.pfb></usr/share/texmf-texlive/fonts/type
1/public/amsfonts/cm/cmr7.pfb></usr/share/texmf-texlive/fonts/type1/public/amsf
onts/cm/cmr8.pfb></usr/share/texmf-texlive/fonts/type1/public/amsfonts/cm/cmsl1
2.pfb></usr/share/texmf-texlive/fonts/type1/public/amsfonts/cm/cmsy10.pfb></usr
/share/texmf-texlive/fonts/type1/public/amsfonts/cm/cmsy6.pfb></usr/share/texmf
-texlive/fonts/type1/public/amsfonts/cm/cmti12.pfb></usr/share/texmf-texlive/fo
nts/type1/public/amsfonts/cm/cmti8.pfb></usr/share/texmf-texlive/fonts/type1/ur
w/courier/ucrb8a.pfb></usr/share/texmf-texlive/fonts/type1/urw/courier/ucrr8a.p
fb></usr/share/texmf-texlive/fonts/type1/urw/courier/ucrro8a.pfb>
Output written on main.pdf (78 pages, 920815 bytes).
PDF statistics:
 1562 PDF objects out of 1728 (max. 8388607)
 743 named destinations out of 1000 (max. 500000)
 510 words of extra memory for PDF output out of 10000 (max. 10000000)

